<?xml version="1.0" encoding="UTF-8"?>
<!-- Generated by org.testng.reporters.JUnitXMLReporter -->
<testsuite ignored="1" hostname="suraj" failures="1" tests="24" name="Test" time="51.464" errors="0" timestamp="2022-10-06T17:03:40 IST">
  <testcase classname="com.vyasa.automation.testing.TestNGAnnotations" name="testMethod" time="0.023"/>
  <testcase classname="com.vyasa.automation.testing.TestNGAnnotations1" name="testMethod" time="0.015"/>
  <testcase classname="com.vyasa.automation.testing.DataProviderDemo" name="verifUserLogon" time="2.685"/>
  <testcase classname="com.vyasa.automation.testing.DataProviderDemo" name="verifUserLogon" time="2.799"/>
  <testcase classname="com.vyasa.automation.testing.DataProviderDemo" name="verifUserLogon" time="2.665"/>
  <testcase classname="com.vyasa.automation.testing.DataProviderDemo" name="verifUserLogon" time="4.664"/>
  <testcase classname="com.vyasa.automation.testing.OpenBrowers" name="verifyCartDisplayed" time="0.805"/>
  <testcase classname="com.vyasa.automation.testing.OpenBrowers" name="verifyHomePageLoaded" time="0.207"/>
  <testcase classname="com.vyasa.automation.testing.DemoTestNG" name="TestCase1" time="0.003">
    <failure type="java.lang.AssertionError" message="expected [true] but found [false]">
      <![CDATA[java.lang.AssertionError: expected [true] but found [false]
at com.vyasa.automation.testing.DemoTestNG.TestCase1(DemoTestNG.java:14)
at java.base/java.util.ArrayList.forEach(ArrayList.java:1511)
... Removed 29 stack frames]]>
    </failure>
  </testcase> <!-- TestCase1 -->
  <testcase classname="com.vyasa.automation.testing.HomePageAutomation" name="verifyHomePageLoaded" time="0.025"/>
  <testcase classname="com.vyasa.automation.testing.DemoTestNG" name="TestCase5" time="0.002"/>
  <testcase classname="com.vyasa.automation.testing.HomePageAutomation" name="verifyNewArrivalsDisplayed" time="0.097"/>
  <testcase classname="com.vyasa.automation.testing.DemoTestNG" name="TestCase12" time="0.002"/>
  <testcase classname="com.vyasa.automation.testing.HomePageAutomation" name="verifyHomePageWithThreeSliders" time="0.055"/>
  <testcase classname="com.vyasa.automation.testing.HomePageAutomation" name="verifyHomePageWithThreeArrivals" time="0.038"/>
  <testcase classname="com.vyasa.automation.testing.DemoTestNG" name="TestCase11" time="0.001"/>
  <testcase classname="com.vyasa.automation.testing.HomePageAutomation" name="verifyHomePageWithThreeArrivalsNavigation" time="8.892"/>
  <testcase classname="com.vyasa.automation.testing.DemoTestNG" name="TestCase3" time="0.002"/>
  <testcase classname="com.vyasa.automation.testing.DemoTestNG" name="TestCase4" time="0.001"/>
  <testcase classname="com.vyasa.automation.testing.DemoTestNG" name="TestCase6" time="0.002"/>
  <testcase classname="com.vyasa.automation.testing.DemoTestNG" name="TestCase7" time="0.002"/>
  <testcase classname="com.vyasa.automation.testing.DemoTestNG" name="TestCase8" time="0.002"/>
  <testcase classname="com.vyasa.automation.testing.DemoTestNG" name="TestCase9" time="0.015"/>
  <testcase classname="com.vyasa.automation.testing.DemoTestNG" name="TestCase10" time="0.002"/>
  <testcase classname="com.vyasa.automation.testing.DemoTestNG" name="TestCase2" time="0.0">
    <ignored/>
  </testcase> <!-- TestCase2 -->
</testsuite> <!-- Test -->
