<?xml version="1.0" encoding="UTF-8"?>
<testng-results ignored="1" total="25" passed="22" failed="2" skipped="0">
  <reporter-output>
  </reporter-output>
  <suite started-at="2022-10-06T17:04:46 IST" name="Suite" finished-at="2022-10-06T17:05:34 IST" duration-ms="47492">
    <groups>
      <group name="regression">
        <method signature="DemoTestNG.TestCase4()[pri:8, instance:com.vyasa.automation.testing.DemoTestNG@23986957]" name="TestCase4" class="com.vyasa.automation.testing.DemoTestNG"/>
      </group> <!-- regression -->
      <group name="regression,sanity">
        <method signature="DemoTestNG.TestCase5()[pri:2, instance:com.vyasa.automation.testing.DemoTestNG@23986957]" name="TestCase5" class="com.vyasa.automation.testing.DemoTestNG"/>
      </group> <!-- regression,sanity -->
      <group name="sanity">
        <method signature="DemoTestNG.TestCase3()[pri:7, instance:com.vyasa.automation.testing.DemoTestNG@23986957]" name="TestCase3" class="com.vyasa.automation.testing.DemoTestNG"/>
      </group> <!-- sanity -->
    </groups>
    <test started-at="2022-10-06T17:04:46 IST" name="Test" finished-at="2022-10-06T17:05:34 IST" duration-ms="47492">
      <class name="com.vyasa.automation.testing.TestNGAnnotations1">
        <test-method is-config="true" signature="beforeSuiteMethod()[pri:0, instance:com.vyasa.automation.testing.TestNGAnnotations1@4c15e7fd]" started-at="2022-10-06T17:04:46 IST" name="beforeSuiteMethod" finished-at="2022-10-06T17:04:46 IST" duration-ms="1" status="PASS">
          <reporter-output>
          </reporter-output>
        </test-method> <!-- beforeSuiteMethod -->
        <test-method is-config="true" signature="beforeTestMethod()[pri:0, instance:com.vyasa.automation.testing.TestNGAnnotations1@4c15e7fd]" started-at="2022-10-06T17:04:46 IST" name="beforeTestMethod" finished-at="2022-10-06T17:04:46 IST" duration-ms="0" status="PASS">
          <reporter-output>
          </reporter-output>
        </test-method> <!-- beforeTestMethod -->
        <test-method is-config="true" signature="beforeClassMethod()[pri:0, instance:com.vyasa.automation.testing.TestNGAnnotations1@4c15e7fd]" started-at="2022-10-06T17:04:46 IST" name="beforeClassMethod" finished-at="2022-10-06T17:04:46 IST" duration-ms="1" status="PASS">
          <reporter-output>
          </reporter-output>
        </test-method> <!-- beforeClassMethod -->
        <test-method is-config="true" signature="beforeMethod()[pri:0, instance:com.vyasa.automation.testing.TestNGAnnotations1@4c15e7fd]" started-at="2022-10-06T17:04:46 IST" name="beforeMethod" finished-at="2022-10-06T17:04:46 IST" duration-ms="1" status="PASS">
          <reporter-output>
          </reporter-output>
        </test-method> <!-- beforeMethod -->
        <test-method signature="testMethod()[pri:0, instance:com.vyasa.automation.testing.TestNGAnnotations1@4c15e7fd]" started-at="2022-10-06T17:04:46 IST" name="testMethod" finished-at="2022-10-06T17:04:46 IST" duration-ms="1" status="PASS">
          <reporter-output>
          </reporter-output>
        </test-method> <!-- testMethod -->
        <test-method is-config="true" signature="afterMethod()[pri:0, instance:com.vyasa.automation.testing.TestNGAnnotations1@4c15e7fd]" started-at="2022-10-06T17:04:46 IST" name="afterMethod" finished-at="2022-10-06T17:04:46 IST" duration-ms="1" status="PASS">
          <reporter-output>
          </reporter-output>
        </test-method> <!-- afterMethod -->
        <test-method is-config="true" signature="afterClassMethod()[pri:0, instance:com.vyasa.automation.testing.TestNGAnnotations1@4c15e7fd]" started-at="2022-10-06T17:04:46 IST" name="afterClassMethod" finished-at="2022-10-06T17:04:46 IST" duration-ms="1" status="PASS">
          <reporter-output>
          </reporter-output>
        </test-method> <!-- afterClassMethod -->
        <test-method is-config="true" signature="afterTest()[pri:0, instance:com.vyasa.automation.testing.TestNGAnnotations1@4c15e7fd]" started-at="2022-10-06T17:05:34 IST" name="afterTest" finished-at="2022-10-06T17:05:34 IST" duration-ms="0" status="PASS">
          <reporter-output>
          </reporter-output>
        </test-method> <!-- afterTest -->
        <test-method is-config="true" signature="afterSuiteMethod()[pri:0, instance:com.vyasa.automation.testing.TestNGAnnotations1@4c15e7fd]" started-at="2022-10-06T17:05:34 IST" name="afterSuiteMethod" finished-at="2022-10-06T17:05:34 IST" duration-ms="0" status="PASS">
          <reporter-output>
          </reporter-output>
        </test-method> <!-- afterSuiteMethod -->
      </class> <!-- com.vyasa.automation.testing.TestNGAnnotations1 -->
      <class name="com.vyasa.automation.testing.OpenBrowers">
        <test-method is-config="true" signature="openBrower()[pri:0, instance:com.vyasa.automation.testing.OpenBrowers@23f7d05d]" started-at="2022-10-06T17:05:06 IST" name="openBrower" finished-at="2022-10-06T17:05:16 IST" duration-ms="9602" status="PASS">
          <reporter-output>
          </reporter-output>
        </test-method> <!-- openBrower -->
        <test-method signature="verifyCartDisplayed()[pri:0, instance:com.vyasa.automation.testing.OpenBrowers@23f7d05d]" started-at="2022-10-06T17:05:16 IST" name="verifyCartDisplayed" finished-at="2022-10-06T17:05:17 IST" duration-ms="1110" status="PASS">
          <reporter-output>
          </reporter-output>
        </test-method> <!-- verifyCartDisplayed -->
        <test-method signature="verifyHomePageLoaded()[pri:0, instance:com.vyasa.automation.testing.OpenBrowers@23f7d05d]" started-at="2022-10-06T17:05:17 IST" name="verifyHomePageLoaded" finished-at="2022-10-06T17:05:17 IST" duration-ms="65" status="PASS">
          <reporter-output>
          </reporter-output>
        </test-method> <!-- verifyHomePageLoaded -->
        <test-method is-config="true" signature="closeBrower()[pri:0, instance:com.vyasa.automation.testing.OpenBrowers@23f7d05d]" started-at="2022-10-06T17:05:17 IST" name="closeBrower" finished-at="2022-10-06T17:05:20 IST" duration-ms="2921" status="PASS">
          <reporter-output>
          </reporter-output>
        </test-method> <!-- closeBrower -->
      </class> <!-- com.vyasa.automation.testing.OpenBrowers -->
      <class name="com.vyasa.automation.testing.TestNGAnnotations">
        <test-method is-config="true" signature="beforeSuiteMethod()[pri:0, instance:com.vyasa.automation.testing.TestNGAnnotations@2133814f]" started-at="2022-10-06T17:04:46 IST" name="beforeSuiteMethod" finished-at="2022-10-06T17:04:46 IST" duration-ms="22" status="PASS">
          <reporter-output>
          </reporter-output>
        </test-method> <!-- beforeSuiteMethod -->
        <test-method is-config="true" signature="beforeTest()[pri:0, instance:com.vyasa.automation.testing.TestNGAnnotations@2133814f]" started-at="2022-10-06T17:04:46 IST" name="beforeTest" finished-at="2022-10-06T17:04:46 IST" duration-ms="1" status="PASS">
          <reporter-output>
          </reporter-output>
        </test-method> <!-- beforeTest -->
        <test-method is-config="true" signature="beforeClassMethod()[pri:0, instance:com.vyasa.automation.testing.TestNGAnnotations@2133814f]" started-at="2022-10-06T17:04:46 IST" name="beforeClassMethod" finished-at="2022-10-06T17:04:46 IST" duration-ms="0" status="PASS">
          <reporter-output>
          </reporter-output>
        </test-method> <!-- beforeClassMethod -->
        <test-method is-config="true" signature="beforeMethod()[pri:0, instance:com.vyasa.automation.testing.TestNGAnnotations@2133814f]" started-at="2022-10-06T17:04:46 IST" name="beforeMethod" finished-at="2022-10-06T17:04:46 IST" duration-ms="0" status="PASS">
          <reporter-output>
          </reporter-output>
        </test-method> <!-- beforeMethod -->
        <test-method signature="testMethod()[pri:0, instance:com.vyasa.automation.testing.TestNGAnnotations@2133814f]" started-at="2022-10-06T17:04:46 IST" name="testMethod" finished-at="2022-10-06T17:04:46 IST" duration-ms="4" status="PASS">
          <reporter-output>
          </reporter-output>
        </test-method> <!-- testMethod -->
        <test-method is-config="true" signature="afterMethod()[pri:0, instance:com.vyasa.automation.testing.TestNGAnnotations@2133814f]" started-at="2022-10-06T17:04:46 IST" name="afterMethod" finished-at="2022-10-06T17:04:46 IST" duration-ms="5" status="PASS">
          <reporter-output>
          </reporter-output>
        </test-method> <!-- afterMethod -->
        <test-method is-config="true" signature="afterClassMethod()[pri:0, instance:com.vyasa.automation.testing.TestNGAnnotations@2133814f]" started-at="2022-10-06T17:04:46 IST" name="afterClassMethod" finished-at="2022-10-06T17:04:46 IST" duration-ms="0" status="PASS">
          <reporter-output>
          </reporter-output>
        </test-method> <!-- afterClassMethod -->
        <test-method is-config="true" signature="afterTest()[pri:0, instance:com.vyasa.automation.testing.TestNGAnnotations@2133814f]" started-at="2022-10-06T17:05:34 IST" name="afterTest" finished-at="2022-10-06T17:05:34 IST" duration-ms="1" status="PASS">
          <reporter-output>
          </reporter-output>
        </test-method> <!-- afterTest -->
        <test-method is-config="true" signature="afterSuiteMethod()[pri:0, instance:com.vyasa.automation.testing.TestNGAnnotations@2133814f]" started-at="2022-10-06T17:05:34 IST" name="afterSuiteMethod" finished-at="2022-10-06T17:05:34 IST" duration-ms="1" status="PASS">
          <reporter-output>
          </reporter-output>
        </test-method> <!-- afterSuiteMethod -->
      </class> <!-- com.vyasa.automation.testing.TestNGAnnotations -->
      <class name="com.vyasa.automation.testing.DemoTestNG">
        <test-method signature="TestCase1()[pri:1, instance:com.vyasa.automation.testing.DemoTestNG@23986957]" started-at="2022-10-06T17:05:20 IST" name="TestCase1" description="test case verify the title page" finished-at="2022-10-06T17:05:20 IST" duration-ms="1" status="FAIL">
          <exception class="java.lang.AssertionError">
            <message>
              <![CDATA[expected [true] but found [false]]]>
            </message>
            <full-stacktrace>
              <![CDATA[java.lang.AssertionError: expected [true] but found [false]
at org.testng.Assert.fail(Assert.java:97)
at org.testng.Assert.failNotEquals(Assert.java:969)
at org.testng.Assert.assertTrue(Assert.java:43)
at org.testng.Assert.assertTrue(Assert.java:53)
at com.vyasa.automation.testing.DemoTestNG.TestCase1(DemoTestNG.java:14)
at java.base/jdk.internal.reflect.DirectMethodHandleAccessor.invoke(DirectMethodHandleAccessor.java:104)
at java.base/java.lang.reflect.Method.invoke(Method.java:577)
at org.testng.internal.MethodInvocationHelper.invokeMethod(MethodInvocationHelper.java:134)
at org.testng.internal.TestInvoker.invokeMethod(TestInvoker.java:597)
at org.testng.internal.TestInvoker.invokeTestMethod(TestInvoker.java:173)
at org.testng.internal.MethodRunner.runInSequence(MethodRunner.java:46)
at org.testng.internal.TestInvoker$MethodInvocationAgent.invoke(TestInvoker.java:816)
at org.testng.internal.TestInvoker.invokeTestMethods(TestInvoker.java:146)
at org.testng.internal.TestMethodWorker.invokeTestMethods(TestMethodWorker.java:146)
at org.testng.internal.TestMethodWorker.run(TestMethodWorker.java:128)
at java.base/java.util.ArrayList.forEach(ArrayList.java:1511)
at org.testng.TestRunner.privateRun(TestRunner.java:766)
at org.testng.TestRunner.run(TestRunner.java:587)
at org.testng.SuiteRunner.runTest(SuiteRunner.java:384)
at org.testng.SuiteRunner.runSequentially(SuiteRunner.java:378)
at org.testng.SuiteRunner.privateRun(SuiteRunner.java:337)
at org.testng.SuiteRunner.run(SuiteRunner.java:286)
at org.testng.SuiteRunnerWorker.runSuite(SuiteRunnerWorker.java:53)
at org.testng.SuiteRunnerWorker.run(SuiteRunnerWorker.java:96)
at org.testng.TestNG.runSuitesSequentially(TestNG.java:1187)
at org.testng.TestNG.runSuitesLocally(TestNG.java:1109)
at org.testng.TestNG.runSuites(TestNG.java:1039)
at org.testng.TestNG.run(TestNG.java:1007)
at org.apache.maven.surefire.testng.TestNGExecutor.run(TestNGExecutor.java:284)
at org.apache.maven.surefire.testng.TestNGXmlTestSuite.execute(TestNGXmlTestSuite.java:75)
at org.apache.maven.surefire.testng.TestNGProvider.invoke(TestNGProvider.java:119)
at org.apache.maven.surefire.booter.ForkedBooter.runSuitesInProcess(ForkedBooter.java:428)
at org.apache.maven.surefire.booter.ForkedBooter.execute(ForkedBooter.java:162)
at org.apache.maven.surefire.booter.ForkedBooter.run(ForkedBooter.java:562)
at org.apache.maven.surefire.booter.ForkedBooter.main(ForkedBooter.java:548)
]]>
            </full-stacktrace>
          </exception> <!-- java.lang.AssertionError -->
          <reporter-output>
          </reporter-output>
        </test-method> <!-- TestCase1 -->
        <test-method signature="TestCase5()[pri:2, instance:com.vyasa.automation.testing.DemoTestNG@23986957]" started-at="2022-10-06T17:05:27 IST" name="TestCase5" finished-at="2022-10-06T17:05:27 IST" duration-ms="0" status="PASS">
          <reporter-output>
          </reporter-output>
        </test-method> <!-- TestCase5 -->
        <test-method signature="TestCase12()[pri:3, instance:com.vyasa.automation.testing.DemoTestNG@23986957]" started-at="2022-10-06T17:05:27 IST" name="TestCase12" finished-at="2022-10-06T17:05:27 IST" duration-ms="0" status="PASS">
          <reporter-output>
          </reporter-output>
        </test-method> <!-- TestCase12 -->
        <test-method signature="TestCase11()[pri:5, instance:com.vyasa.automation.testing.DemoTestNG@23986957]" started-at="2022-10-06T17:05:27 IST" name="TestCase11" finished-at="2022-10-06T17:05:27 IST" duration-ms="1" status="PASS">
          <reporter-output>
          </reporter-output>
        </test-method> <!-- TestCase11 -->
        <test-method signature="TestCase3()[pri:7, instance:com.vyasa.automation.testing.DemoTestNG@23986957]" started-at="2022-10-06T17:05:34 IST" name="TestCase3" finished-at="2022-10-06T17:05:34 IST" duration-ms="0" status="PASS">
          <reporter-output>
          </reporter-output>
        </test-method> <!-- TestCase3 -->
        <test-method signature="TestCase4()[pri:8, instance:com.vyasa.automation.testing.DemoTestNG@23986957]" started-at="2022-10-06T17:05:34 IST" name="TestCase4" finished-at="2022-10-06T17:05:34 IST" duration-ms="1" status="PASS">
          <reporter-output>
          </reporter-output>
        </test-method> <!-- TestCase4 -->
        <test-method signature="TestCase6()[pri:6, instance:com.vyasa.automation.testing.DemoTestNG@23986957]" started-at="2022-10-06T17:05:34 IST" name="TestCase6" depends-on-groups="regression" finished-at="2022-10-06T17:05:34 IST" duration-ms="0" status="PASS">
          <reporter-output>
          </reporter-output>
        </test-method> <!-- TestCase6 -->
        <test-method signature="TestCase7()[pri:9, instance:com.vyasa.automation.testing.DemoTestNG@23986957]" started-at="2022-10-06T17:05:34 IST" name="TestCase7" finished-at="2022-10-06T17:05:34 IST" depends-on-methods="com.vyasa.automation.testing.DemoTestNG.TestCase4" duration-ms="0" status="PASS">
          <reporter-output>
          </reporter-output>
        </test-method> <!-- TestCase7 -->
        <test-method signature="TestCase8()[pri:10, instance:com.vyasa.automation.testing.DemoTestNG@23986957]" started-at="2022-10-06T17:05:34 IST" name="TestCase8" finished-at="2022-10-06T17:05:34 IST" depends-on-methods="com.vyasa.automation.testing.DemoTestNG.TestCase6" duration-ms="1" status="PASS">
          <reporter-output>
          </reporter-output>
        </test-method> <!-- TestCase8 -->
        <test-method signature="TestCase9()[pri:11, instance:com.vyasa.automation.testing.DemoTestNG@23986957]" started-at="2022-10-06T17:05:34 IST" name="TestCase9" finished-at="2022-10-06T17:05:34 IST" duration-ms="6" status="PASS">
          <reporter-output>
          </reporter-output>
        </test-method> <!-- TestCase9 -->
        <test-method signature="TestCase10()[pri:12, instance:com.vyasa.automation.testing.DemoTestNG@23986957]" started-at="2022-10-06T17:05:34 IST" name="TestCase10" finished-at="2022-10-06T17:05:34 IST" duration-ms="1" status="PASS">
          <reporter-output>
          </reporter-output>
        </test-method> <!-- TestCase10 -->
      </class> <!-- com.vyasa.automation.testing.DemoTestNG -->
      <class name="com.vyasa.automation.testing.DataProviderDemo">
        <test-method is-config="true" signature="browserSetup()[pri:0, instance:com.vyasa.automation.testing.DataProviderDemo@1e730495]" started-at="2022-10-06T17:04:46 IST" name="browserSetup" finished-at="2022-10-06T17:04:55 IST" duration-ms="8605" status="PASS">
          <reporter-output>
          </reporter-output>
        </test-method> <!-- browserSetup -->
        <test-method signature="verifUserLogon(java.lang.String, java.lang.String, java.lang.String)[pri:0, instance:com.vyasa.automation.testing.DataProviderDemo@1e730495]" started-at="2022-10-06T17:04:55 IST" name="verifUserLogon" data-provider="LoginData" finished-at="2022-10-06T17:04:58 IST" duration-ms="2718" status="PASS">
          <params>
            <param index="0">
              <value>
                <![CDATA[blank]]>
              </value>
            </param>
            <param index="1">
              <value>
                <![CDATA[]]>
              </value>
            </param>
            <param index="2">
              <value>
                <![CDATA[]]>
              </value>
            </param>
          </params>
          <reporter-output>
          </reporter-output>
        </test-method> <!-- verifUserLogon -->
        <test-method signature="verifUserLogon(java.lang.String, java.lang.String, java.lang.String)[pri:0, instance:com.vyasa.automation.testing.DataProviderDemo@1e730495]" started-at="2022-10-06T17:04:58 IST" name="verifUserLogon" data-provider="LoginData" finished-at="2022-10-06T17:05:01 IST" duration-ms="2767" status="PASS">
          <params>
            <param index="0">
              <value>
                <![CDATA[blankpass]]>
              </value>
            </param>
            <param index="1">
              <value>
                <![CDATA[vyasainstitute2022@gmail.com]]>
              </value>
            </param>
            <param index="2">
              <value>
                <![CDATA[]]>
              </value>
            </param>
          </params>
          <reporter-output>
          </reporter-output>
        </test-method> <!-- verifUserLogon -->
        <test-method signature="verifUserLogon(java.lang.String, java.lang.String, java.lang.String)[pri:0, instance:com.vyasa.automation.testing.DataProviderDemo@1e730495]" started-at="2022-10-06T17:05:01 IST" name="verifUserLogon" data-provider="LoginData" finished-at="2022-10-06T17:05:03 IST" duration-ms="2422" status="PASS">
          <params>
            <param index="0">
              <value>
                <![CDATA[wrongcredentials]]>
              </value>
            </param>
            <param index="1">
              <value>
                <![CDATA[vyasainstitut2022@gmail.com]]>
              </value>
            </param>
            <param index="2">
              <value>
                <![CDATA[admin123]]>
              </value>
            </param>
          </params>
          <reporter-output>
          </reporter-output>
        </test-method> <!-- verifUserLogon -->
        <test-method signature="verifUserLogon(java.lang.String, java.lang.String, java.lang.String)[pri:0, instance:com.vyasa.automation.testing.DataProviderDemo@1e730495]" started-at="2022-10-06T17:05:03 IST" name="verifUserLogon" data-provider="LoginData" finished-at="2022-10-06T17:05:06 IST" duration-ms="2682" status="PASS">
          <params>
            <param index="0">
              <value>
                <![CDATA[succlogin]]>
              </value>
            </param>
            <param index="1">
              <value>
                <![CDATA[vyasainstitute2022@gmail.com]]>
              </value>
            </param>
            <param index="2">
              <value>
                <![CDATA[Vyasa@12345]]>
              </value>
            </param>
          </params>
          <reporter-output>
          </reporter-output>
        </test-method> <!-- verifUserLogon -->
        <test-method is-config="true" signature="afterClass()[pri:0, instance:com.vyasa.automation.testing.DataProviderDemo@1e730495]" started-at="2022-10-06T17:05:06 IST" name="afterClass" finished-at="2022-10-06T17:05:06 IST" duration-ms="462" status="PASS">
          <reporter-output>
          </reporter-output>
        </test-method> <!-- afterClass -->
      </class> <!-- com.vyasa.automation.testing.DataProviderDemo -->
      <class name="com.vyasa.automation.testing.HomePageAutomation">
        <test-method is-config="true" signature="browserSetup()[pri:0, instance:com.vyasa.automation.testing.HomePageAutomation@7d3a22a9]" started-at="2022-10-06T17:05:20 IST" name="browserSetup" finished-at="2022-10-06T17:05:27 IST" duration-ms="7263" status="PASS">
          <reporter-output>
          </reporter-output>
        </test-method> <!-- browserSetup -->
        <test-method signature="verifyHomePageLoaded()[pri:1, instance:com.vyasa.automation.testing.HomePageAutomation@7d3a22a9]" started-at="2022-10-06T17:05:27 IST" name="verifyHomePageLoaded" description="verify homepage is loaded" finished-at="2022-10-06T17:05:27 IST" duration-ms="36" status="PASS">
          <reporter-output>
          </reporter-output>
        </test-method> <!-- verifyHomePageLoaded -->
        <test-method signature="verifyNewArrivalsDisplayed()[pri:2, instance:com.vyasa.automation.testing.HomePageAutomation@7d3a22a9]" started-at="2022-10-06T17:05:27 IST" name="verifyNewArrivalsDisplayed" description="verifyNewArrivalsDisplayed" finished-at="2022-10-06T17:05:27 IST" duration-ms="145" status="PASS">
          <reporter-output>
          </reporter-output>
        </test-method> <!-- verifyNewArrivalsDisplayed -->
        <test-method signature="verifyHomePageWithThreeSliders()[pri:3, instance:com.vyasa.automation.testing.HomePageAutomation@7d3a22a9]" started-at="2022-10-06T17:05:27 IST" name="verifyHomePageWithThreeSliders" description="verify HomePage With Three Sliders" finished-at="2022-10-06T17:05:27 IST" duration-ms="43" status="PASS">
          <reporter-output>
          </reporter-output>
        </test-method> <!-- verifyHomePageWithThreeSliders -->
        <test-method signature="verifyHomePageWithThreeArrivals()[pri:4, instance:com.vyasa.automation.testing.HomePageAutomation@7d3a22a9]" started-at="2022-10-06T17:05:27 IST" name="verifyHomePageWithThreeArrivals" description="verify HomePage With Three Arrivals" finished-at="2022-10-06T17:05:27 IST" duration-ms="29" status="PASS">
          <reporter-output>
          </reporter-output>
        </test-method> <!-- verifyHomePageWithThreeArrivals -->
        <test-method signature="verifyHomePageWithThreeArrivalsNavigation()[pri:5, instance:com.vyasa.automation.testing.HomePageAutomation@7d3a22a9]" started-at="2022-10-06T17:05:27 IST" name="verifyHomePageWithThreeArrivalsNavigation" description="verify HomePage With Three Arrivals Navigation" finished-at="2022-10-06T17:05:33 IST" duration-ms="6009" status="FAIL">
          <exception class="org.openqa.selenium.StaleElementReferenceException">
            <message>
              <![CDATA[stale element reference: element is not attached to the page document
  (Session info: chrome=105.0.5195.127)
For documentation on this error, please visit: https://www.seleniumhq.org/exceptions/stale_element_reference.html
Build info: version: '3.141.59', revision: 'e82be7d358', time: '2018-11-14T08:17:03'
System info: host: 'SURAJ', ip: '192.168.239.134', os.name: 'Windows 10', os.arch: 'amd64', os.version: '10.0', java.version: '18.0.1.1'
Driver info: org.openqa.selenium.chrome.ChromeDriver
Capabilities {acceptInsecureCerts: false, browserName: chrome, browserVersion: 105.0.5195.127, chrome: {chromedriverVersion: 105.0.5195.52 (412c95e51883..., userDataDir: C:\Users\admin\AppData\Loca...}, goog:chromeOptions: {debuggerAddress: localhost:57392}, javascriptEnabled: true, networkConnectionEnabled: false, pageLoadStrategy: normal, platform: WINDOWS, platformName: WINDOWS, proxy: Proxy(), setWindowRect: true, strictFileInteractability: false, timeouts: {implicit: 0, pageLoad: 300000, script: 30000}, unhandledPromptBehavior: dismiss and notify, webauthn:extension:credBlob: true, webauthn:extension:largeBlob: true, webauthn:virtualAuthenticators: true}
Session ID: 61e00b60ed46b56e92527a9c46dab320]]>
            </message>
            <full-stacktrace>
              <![CDATA[org.openqa.selenium.StaleElementReferenceException: stale element reference: element is not attached to the page document
  (Session info: chrome=105.0.5195.127)
For documentation on this error, please visit: https://www.seleniumhq.org/exceptions/stale_element_reference.html
Build info: version: '3.141.59', revision: 'e82be7d358', time: '2018-11-14T08:17:03'
System info: host: 'SURAJ', ip: '192.168.239.134', os.name: 'Windows 10', os.arch: 'amd64', os.version: '10.0', java.version: '18.0.1.1'
Driver info: org.openqa.selenium.chrome.ChromeDriver
Capabilities {acceptInsecureCerts: false, browserName: chrome, browserVersion: 105.0.5195.127, chrome: {chromedriverVersion: 105.0.5195.52 (412c95e51883..., userDataDir: C:\Users\admin\AppData\Loca...}, goog:chromeOptions: {debuggerAddress: localhost:57392}, javascriptEnabled: true, networkConnectionEnabled: false, pageLoadStrategy: normal, platform: WINDOWS, platformName: WINDOWS, proxy: Proxy(), setWindowRect: true, strictFileInteractability: false, timeouts: {implicit: 0, pageLoad: 300000, script: 30000}, unhandledPromptBehavior: dismiss and notify, webauthn:extension:credBlob: true, webauthn:extension:largeBlob: true, webauthn:virtualAuthenticators: true}
Session ID: 61e00b60ed46b56e92527a9c46dab320
at java.base/jdk.internal.reflect.DirectConstructorHandleAccessor.newInstance(DirectConstructorHandleAccessor.java:67)
at java.base/java.lang.reflect.Constructor.newInstanceWithCaller(Constructor.java:499)
at java.base/java.lang.reflect.Constructor.newInstance(Constructor.java:483)
at org.openqa.selenium.remote.http.W3CHttpResponseCodec.createException(W3CHttpResponseCodec.java:187)
at org.openqa.selenium.remote.http.W3CHttpResponseCodec.decode(W3CHttpResponseCodec.java:122)
at org.openqa.selenium.remote.http.W3CHttpResponseCodec.decode(W3CHttpResponseCodec.java:49)
at org.openqa.selenium.remote.HttpCommandExecutor.execute(HttpCommandExecutor.java:158)
at org.openqa.selenium.remote.service.DriverCommandExecutor.execute(DriverCommandExecutor.java:83)
at org.openqa.selenium.remote.RemoteWebDriver.execute(RemoteWebDriver.java:552)
at org.openqa.selenium.remote.RemoteWebElement.execute(RemoteWebElement.java:285)
at org.openqa.selenium.remote.RemoteWebElement.getAttribute(RemoteWebElement.java:134)
at com.vyasa.automation.testing.HomePageAutomation.verifyHomePageWithThreeArrivalsNavigation(HomePageAutomation.java:53)
at java.base/jdk.internal.reflect.DirectMethodHandleAccessor.invoke(DirectMethodHandleAccessor.java:104)
at java.base/java.lang.reflect.Method.invoke(Method.java:577)
at org.testng.internal.MethodInvocationHelper.invokeMethod(MethodInvocationHelper.java:134)
at org.testng.internal.TestInvoker.invokeMethod(TestInvoker.java:597)
at org.testng.internal.TestInvoker.invokeTestMethod(TestInvoker.java:173)
at org.testng.internal.MethodRunner.runInSequence(MethodRunner.java:46)
at org.testng.internal.TestInvoker$MethodInvocationAgent.invoke(TestInvoker.java:816)
at org.testng.internal.TestInvoker.invokeTestMethods(TestInvoker.java:146)
at org.testng.internal.TestMethodWorker.invokeTestMethods(TestMethodWorker.java:146)
at org.testng.internal.TestMethodWorker.run(TestMethodWorker.java:128)
at java.base/java.util.ArrayList.forEach(ArrayList.java:1511)
at org.testng.TestRunner.privateRun(TestRunner.java:766)
at org.testng.TestRunner.run(TestRunner.java:587)
at org.testng.SuiteRunner.runTest(SuiteRunner.java:384)
at org.testng.SuiteRunner.runSequentially(SuiteRunner.java:378)
at org.testng.SuiteRunner.privateRun(SuiteRunner.java:337)
at org.testng.SuiteRunner.run(SuiteRunner.java:286)
at org.testng.SuiteRunnerWorker.runSuite(SuiteRunnerWorker.java:53)
at org.testng.SuiteRunnerWorker.run(SuiteRunnerWorker.java:96)
at org.testng.TestNG.runSuitesSequentially(TestNG.java:1187)
at org.testng.TestNG.runSuitesLocally(TestNG.java:1109)
at org.testng.TestNG.runSuites(TestNG.java:1039)
at org.testng.TestNG.run(TestNG.java:1007)
at org.apache.maven.surefire.testng.TestNGExecutor.run(TestNGExecutor.java:284)
at org.apache.maven.surefire.testng.TestNGXmlTestSuite.execute(TestNGXmlTestSuite.java:75)
at org.apache.maven.surefire.testng.TestNGProvider.invoke(TestNGProvider.java:119)
at org.apache.maven.surefire.booter.ForkedBooter.runSuitesInProcess(ForkedBooter.java:428)
at org.apache.maven.surefire.booter.ForkedBooter.execute(ForkedBooter.java:162)
at org.apache.maven.surefire.booter.ForkedBooter.run(ForkedBooter.java:562)
at org.apache.maven.surefire.booter.ForkedBooter.main(ForkedBooter.java:548)
]]>
            </full-stacktrace>
          </exception> <!-- org.openqa.selenium.StaleElementReferenceException -->
          <reporter-output>
          </reporter-output>
        </test-method> <!-- verifyHomePageWithThreeArrivalsNavigation -->
        <test-method is-config="true" signature="browserClose()[pri:0, instance:com.vyasa.automation.testing.HomePageAutomation@7d3a22a9]" started-at="2022-10-06T17:05:33 IST" name="browserClose" finished-at="2022-10-06T17:05:34 IST" duration-ms="470" status="PASS">
          <reporter-output>
          </reporter-output>
        </test-method> <!-- browserClose -->
      </class> <!-- com.vyasa.automation.testing.HomePageAutomation -->
    </test> <!-- Test -->
  </suite> <!-- Suite -->
</testng-results>
